+ srun bash -c '
    source export_DDP_vars.sh
    python src/segment_no_tiled.py example_yamls/example_tunet.yaml 
    '
Parameters loaded successfully.
Parameters loaded successfully.
Parameters loaded successfully.
Parameters loaded successfully.
Parameters loaded successfully.
Parameters loaded successfully.
Parameters loaded successfully.
Parameters loaded successfully.
Parameters loaded successfully.
Parameters loaded successfully.
Parameters loaded successfully.
Parameters loaded successfully.
Parameters loaded successfully.
Parameters loaded successfully.
Parameters loaded successfully.
Parameters loaded successfully.
Parameters loaded successfully.
Parameters loaded successfully.
Parameters loaded successfully.
Parameters loaded successfully.
Parameters loaded successfully.
Parameters loaded successfully.
Parameters loaded successfully.
Parameters loaded successfully.
Parameters loaded successfully.
Parameters loaded successfully.
Parameters loaded successfully.
Parameters loaded successfully.
Parameters loaded successfully.
Parameters loaded successfully.
Parameters loaded successfully.
Parameters loaded successfully.
Parameters loaded successfully.
Parameters loaded successfully.
Parameters loaded successfully.
Parameters loaded successfully.
Parameters loaded successfully.
Inference will be processed on: cuda:0
Parameters loaded successfully.
Parameters loaded successfully.
Inference will be processed on: cuda:1
Inference will be processed on: cuda:2
Inference will be processed on: cuda:0
Inference will be processed on: cuda:0
Inference will be processed on: cuda:3
Inference will be processed on: cuda:2
Inference will be processed on: cuda:3
Inference will be processed on: cuda:0
Parameters loaded successfully.
Inference will be processed on: cuda:3
Inference will be processed on: cuda:2
Inference will be processed on: cuda:0
Inference will be processed on: cuda:0
Inference will be processed on: cuda:2
Inference will be processed on: cuda:3
Inference will be processed on: cuda:1
Parameters loaded successfully.
Parameters loaded successfully.
Inference will be processed on: cuda:2
Inference will be processed on: cuda:3
Inference will be processed on: cuda:2
Inference will be processed on: cuda:3
Inference will be processed on: cuda:1
Inference will be processed on: cuda:2
Inference will be processed on: cuda:3
Inference will be processed on: cuda:1
Inference will be processed on: cuda:0
Inference will be processed on: cuda:0
Inference will be processed on: cuda:1
Inference will be processed on: cuda:0
Inference will be processed on: cuda:2
Inference will be processed on: cuda:1
Inference will be processed on: cuda:3
Inference will be processed on: cuda:3
Inference will be processed on: cuda:2
Inference will be processed on: cuda:1
Parameters loaded successfully.
Parameters loaded successfully.
Inference will be processed on: cuda:3
Inference will be processed on: cuda:2
Parameters loaded successfully.
Parameters loaded successfully.
Inference will be processed on: cuda:3
Inference will be processed on: cuda:2
Inference will be processed on: cuda:1
Parameters loaded successfully.
Inference will be processed on: cuda:0
Inference will be processed on: cuda:1
Inference will be processed on: cuda:1
Parameters loaded successfully.
Inference will be processed on: cuda:0
Inference will be processed on: cuda:0
Inference will be processed on: cuda:1
Inference will be processed on: cuda:1
Inference will be processed on: cuda:3
Inference will be processed on: cuda:2
done seg frame 44 in 2.82s
done seg frame 41 in 2.64s
done seg frame 46 in 2.80s
done seg frame 49 in 2.84s
done seg frame 20 in 2.55s
done seg frame 28 in 2.19s
done seg frame 23 in 2.78s
done seg frame 54 in 2.77s
done seg frame 26 in 2.76s
done seg frame 52 in 2.62s
done seg frame 57 in 2.79s
done seg frame 0 in 2.55s
done seg frame 5 in 2.74s
done seg frame 7 in 2.76s
done seg frame 59 in 2.79s
done seg frame 67 in 2.64s
done seg frame 2 in 2.76s
done seg frame 70 in 2.66s
done seg frame 62 in 2.35s
done seg frame 65 in 2.70s
done seg frame 96 in 2.83s
done seg frame 98 in 2.83s
done seg frame 101 in 2.83s
done seg frame 93 in 2.65s
done seg frame 80 in 2.71s
done seg frame 72 in 2.51s
done seg frame 78 in 2.72s
done seg frame 75 in 2.74s
done seg frame 83 in 2.49s
done seg frame 91 in 2.75s
done seg frame 88 in 2.72s
done seg frame 85 in 2.75s
done seg frame 13 in 2.99s
done seg frame 10 in 2.68s
done seg frame 18 in 2.97s
done seg frame 15 in 2.99s
done seg frame 104 in 2.54s
done seg frame 111 in 2.74s
done seg frame 106 in 2.74s
done seg frame 109 in 2.75s
done seg frame 39 in 2.65s
done seg frame 31 in 2.41s
done seg frame 33 in 2.69s
done seg frame 36 in 2.65s
done seg frame 42 in 1.19s
done seg frame 45 in 1.19s
done seg frame 47 in 1.22s
done seg frame 50 in 1.22s
done seg frame 8 in 1.20s
done seg frame 21 in 1.22s
done seg frame 60 in 1.23s
done seg frame 24 in 1.24s
done seg frame 63 in 1.18s
done seg frame 6 in 1.22s
done seg frame 58 in 1.23s
done seg frame 55 in 1.26s
done seg frame 53 in 1.26s
done seg frame 1 in 1.26s
done seg frame 3 in 1.26s
done seg frame 29 in 1.26s
done seg frame 71 in 1.26s
done seg frame 68 in 1.25s
done seg frame 66 in 1.22s
done seg frame 27 in 1.28s
done seg frame 99 in 1.27s
done seg frame 94 in 1.29s
done seg frame 97 in 1.29s
done seg frame 102 in 1.28s
done seg frame 81 in 1.24s
done seg frame 73 in 1.24s
done seg frame 79 in 1.26s
done seg frame 76 in 1.25s
done seg frame 19 in 1.25s
done seg frame 16 in 1.26s
done seg frame 14 in 1.30s
done seg frame 89 in 1.31s
done seg frame 11 in 1.31s
done seg frame 92 in 1.33s
done seg frame 84 in 1.33s
done seg frame 86 in 1.35s
done seg frame 105 in 1.26s
done seg frame 37 in 1.24s
done seg frame 107 in 1.25s
done seg frame 34 in 1.24s
done seg frame 110 in 1.27s
done seg frame 32 in 1.24s
done seg frame 112 in 1.26s
done seg frame 40 in 1.24s
done seg frame 43 in 1.15s
Segmentation completed.
done seg frame 46 in 1.16s
Segmentation completed.
done seg frame 48 in 1.20s
Segmentation completed.
done seg frame 51 in 1.21s
Segmentation completed.
done seg frame 119 in 3.20s
done seg frame 122 in 3.19s
done seg frame 117 in 3.33s
done seg frame 114 in 3.10s
done seg frame 9 in 1.19s
Segmentation completed.
done seg frame 22 in 1.20s
Segmentation completed.
done seg frame 7 in 1.18s
Segmentation completed.
done seg frame 64 in 1.19s
Segmentation completed.
done seg frame 61 in 1.21s
Segmentation completed.
done seg frame 25 in 1.24s
Segmentation completed.
done seg frame 59 in 1.21s
Segmentation completed.
done seg frame 69 in 1.22s
Segmentation completed.
done seg frame 67 in 1.19s
Segmentation completed.
done seg frame 72 in 1.21s
done seg frame 30 in 1.21s
Segmentation completed.
Segmentation completed.
done seg frame 56 in 1.23s
Segmentation completed.
done seg frame 54 in 1.24s
Segmentation completed.
done seg frame 2 in 1.24s
Segmentation completed.
done seg frame 4 in 1.23s
Segmentation completed.
done seg frame 28 in 1.22s
Segmentation completed.
done seg frame 100 in 1.19s
Segmentation completed.
done seg frame 103 in 1.23s
Segmentation completed.
done seg frame 98 in 1.30s
Segmentation completed.
done seg frame 95 in 1.29s
Segmentation completed.
done seg frame 74 in 1.21s
Segmentation completed.
done seg frame 80 in 1.23s
Segmentation completed.
done seg frame 82 in 1.22s
Segmentation completed.
done seg frame 77 in 1.23s
Segmentation completed.
done seg frame 15 in 1.20s
Segmentation completed.
done seg frame 20 in 1.21s
Segmentation completed.
done seg frame 17 in 1.21s
Segmentation completed.
done seg frame 12 in 1.23s
Segmentation completed.
done seg frame 85 in 1.25s
Segmentation completed.
done seg frame 93 in 1.27s
Segmentation completed.
done seg frame 90 in 1.30s
Segmentation completed.
done seg frame 108 in 1.21s
done seg frame 87 in 1.27s
Segmentation completed.
Segmentation completed.
done seg frame 106 in 1.24s
Segmentation completed.
done seg frame 111 in 1.23s
Segmentation completed.
done seg frame 35 in 1.25s
Segmentation completed.
done seg frame 38 in 1.27s
done seg frame 33 in 1.25s
Segmentation completed.
Segmentation completed.
done seg frame 113 in 1.23s
Segmentation completed.
done seg frame 41 in 1.25s
Segmentation completed.
done seg frame 118 in 1.26s
done seg frame 123 in 1.29s
done seg frame 120 in 1.29s
done seg frame 115 in 1.28s
done seg frame 119 in 1.16s
Segmentation completed.
done seg frame 116 in 1.23s
Segmentation completed.
done seg frame 124 in 1.26s
Segmentation completed.
done seg frame 121 in 1.28s
Segmentation completed.
