+ srun bash -c '
    source export_DDP_vars.sh
    python src/segment_no_tiled.py example_yamls/example_tunet.yaml 
    '
Inference will be processed on: cuda:0
Inference will be processed on: cuda:0
Inference will be processed on: cuda:3
Inference will be processed on: cuda:2
Inference will be processed on: cuda:1
Inference will be processed on: cuda:0
Inference will be processed on: cuda:1
Inference will be processed on: cuda:3
Inference will be processed on: cuda:0
Inference will be processed on: cuda:2
Inference will be processed on: cuda:0
number of gpus is 24
Parameters loaded successfully.
Inference will be processed on: cuda:0
Inference will be processed on: cuda:3
Inference will be processed on: cuda:2
Inference will be processed on: cuda:3
Inference will be processed on: cuda:1
Inference will be processed on: cuda:2
Inference will be processed on: cuda:1
Inference will be processed on: cuda:3
Inference will be processed on: cuda:2
Inference will be processed on: cuda:1
Inference will be processed on: cuda:2
Inference will be processed on: cuda:1
Inference will be processed on: cuda:3
done seg frame 916 in 2.57s
done seg frame 958 in 2.57s
done seg frame 83 in 2.63s
done seg frame 125 in 2.72s
done seg frame 250 in 2.63s
done seg frame 291 in 2.56s
done seg frame 875 in 1.99s
done seg frame 625 in 2.68s
done seg frame 583 in 2.68s
done seg frame 458 in 2.48s
done seg frame 416 in 2.48s
done seg frame 833 in 1.97s
done seg frame 791 in 2.60s
done seg frame 750 in 2.67s
done seg frame 917 in 1.09s
done seg frame 959 in 1.10s
done seg frame 500 in 2.12s
done seg frame 208 in 1.92s
done seg frame 541 in 2.34s
done seg frame 375 in 1.88s
done seg frame 166 in 1.94s
done seg frame 333 in 1.98s
done seg frame 41 in 1.95s
done seg frame 126 in 1.26s
done seg frame 84 in 1.22s
done seg frame 292 in 1.21s
done seg frame 251 in 1.23s
done seg frame 0 in 1.96s
done seg frame 876 in 1.12s
done seg frame 584 in 1.19s
done seg frame 459 in 1.10s
done seg frame 417 in 1.10s
done seg frame 626 in 1.21s
done seg frame 834 in 1.19s
done seg frame 792 in 1.22s
done seg frame 751 in 1.24s
done seg frame 708 in 1.97s
done seg frame 918 in 1.12s
done seg frame 960 in 1.16s
done seg frame 666 in 1.92s
done seg frame 209 in 1.19s
done seg frame 501 in 1.25s
done seg frame 376 in 1.16s
done seg frame 167 in 1.18s
done seg frame 542 in 1.19s
done seg frame 334 in 1.18s
done seg frame 42 in 1.24s
done seg frame 127 in 1.18s
done seg frame 252 in 1.12s
done seg frame 293 in 1.14s
done seg frame 85 in 1.18s
done seg frame 1 in 1.21s
done seg frame 877 in 1.15s
done seg frame 585 in 1.16s
done seg frame 460 in 1.13s
done seg frame 418 in 1.12s
done seg frame 627 in 1.20s
done seg frame 835 in 1.15s
done seg frame 793 in 1.14s
done seg frame 919 in 1.07s
done seg frame 752 in 1.20s
done seg frame 961 in 1.11s
done seg frame 709 in 1.22s
done seg frame 667 in 1.20s
done seg frame 210 in 1.14s
done seg frame 377 in 1.12s
done seg frame 502 in 1.18s
done seg frame 168 in 1.19s
done seg frame 543 in 1.20s
done seg frame 335 in 1.11s
done seg frame 43 in 1.17s
done seg frame 294 in 1.10s
done seg frame 128 in 1.17s
done seg frame 253 in 1.14s
done seg frame 878 in 1.11s
done seg frame 419 in 1.08s
done seg frame 461 in 1.09s
done seg frame 586 in 1.13s
done seg frame 2 in 1.24s
done seg frame 86 in 1.22s
done seg frame 628 in 1.21s
done seg frame 836 in 1.15s
done seg frame 794 in 1.18s
done seg frame 920 in 1.14s
done seg frame 753 in 1.16s
done seg frame 962 in 1.11s
done seg frame 211 in 1.13s
done seg frame 378 in 1.10s
done seg frame 710 in 1.23s
done seg frame 668 in 1.21s
done seg frame 503 in 1.17s
done seg frame 169 in 1.16s
done seg frame 336 in 1.13s
done seg frame 544 in 1.23s
done seg frame 44 in 1.17s
done seg frame 129 in 1.12s
done seg frame 295 in 1.14s
done seg frame 254 in 1.14s
done seg frame 879 in 1.18s
done seg frame 420 in 1.13s
done seg frame 462 in 1.12s
done seg frame 587 in 1.17s
done seg frame 3 in 1.19s
done seg frame 87 in 1.19s
done seg frame 629 in 1.15s
done seg frame 837 in 1.19s
done seg frame 795 in 1.12s
done seg frame 921 in 1.12s
done seg frame 754 in 1.17s
done seg frame 212 in 1.10s
done seg frame 963 in 1.15s
done seg frame 379 in 1.13s
done seg frame 669 in 1.22s
done seg frame 711 in 1.23s
done seg frame 504 in 1.18s
done seg frame 170 in 1.12s
done seg frame 337 in 1.15s
done seg frame 545 in 1.21s
done seg frame 45 in 1.15s
done seg frame 130 in 1.12s
done seg frame 296 in 1.10s
done seg frame 255 in 1.13s
done seg frame 880 in 1.15s
done seg frame 421 in 1.11s
done seg frame 588 in 1.13s
done seg frame 463 in 1.13s
done seg frame 4 in 1.14s
done seg frame 88 in 1.18s
done seg frame 630 in 1.15s
done seg frame 838 in 1.19s
done seg frame 796 in 1.12s
done seg frame 755 in 1.13s
done seg frame 922 in 1.14s
done seg frame 213 in 1.13s
done seg frame 964 in 1.13s
done seg frame 380 in 1.09s
done seg frame 171 in 1.16s
done seg frame 670 in 1.22s
done seg frame 505 in 1.21s
done seg frame 712 in 1.23s
done seg frame 338 in 1.10s
done seg frame 546 in 1.19s
done seg frame 131 in 1.07s
done seg frame 46 in 1.15s
done seg frame 297 in 1.13s
done seg frame 256 in 1.16s
done seg frame 881 in 1.12s
done seg frame 422 in 1.08s
done seg frame 464 in 1.08s
done seg frame 589 in 1.17s
done seg frame 5 in 1.17s
done seg frame 89 in 1.17s
done seg frame 631 in 1.16s
done seg frame 797 in 1.14s
done seg frame 839 in 1.15s
done seg frame 214 in 1.09s
done seg frame 756 in 1.17s
done seg frame 923 in 1.15s
done seg frame 381 in 1.12s
done seg frame 965 in 1.14s
done seg frame 172 in 1.14s
done seg frame 506 in 1.17s
done seg frame 339 in 1.14s
done seg frame 671 in 1.23s
done seg frame 713 in 1.23s
done seg frame 132 in 1.13s
done seg frame 547 in 1.18s
done seg frame 298 in 1.09s
done seg frame 257 in 1.12s
done seg frame 882 in 1.13s
done seg frame 47 in 1.22s
done seg frame 423 in 1.12s
done seg frame 465 in 1.10s
done seg frame 590 in 1.18s
done seg frame 90 in 1.13s
done seg frame 6 in 1.19s
done seg frame 632 in 1.13s
done seg frame 798 in 1.13s
done seg frame 840 in 1.19s
done seg frame 215 in 1.15s
done seg frame 382 in 1.10s
done seg frame 924 in 1.09s
done seg frame 757 in 1.16s
done seg frame 966 in 1.11s
done seg frame 173 in 1.16s
done seg frame 340 in 1.12s
done seg frame 507 in 1.21s
done seg frame 672 in 1.23s
done seg frame 714 in 1.24s
done seg frame 133 in 1.07s
done seg frame 548 in 1.19s
done seg frame 424 in 1.11s
done seg frame 299 in 1.12s
done seg frame 258 in 1.11s
done seg frame 883 in 1.13s
done seg frame 466 in 1.10s
done seg frame 48 in 1.22s
done seg frame 591 in 1.17s
done seg frame 91 in 1.17s
done seg frame 7 in 1.18s
done seg frame 633 in 1.19s
done seg frame 799 in 1.15s
done seg frame 216 in 1.15s
done seg frame 841 in 1.22s
done seg frame 383 in 1.15s
done seg frame 758 in 1.14s
done seg frame 925 in 1.15s
done seg frame 967 in 1.13s
done seg frame 341 in 1.13s
done seg frame 174 in 1.20s
done seg frame 508 in 1.19s
done seg frame 673 in 1.19s
done seg frame 715 in 1.19s
done seg frame 134 in 1.10s
done seg frame 425 in 1.14s
done seg frame 300 in 1.13s
done seg frame 884 in 1.14s
done seg frame 259 in 1.13s
done seg frame 549 in 1.21s
done seg frame 467 in 1.14s
done seg frame 49 in 1.23s
done seg frame 592 in 1.16s
done seg frame 8 in 1.17s
done seg frame 92 in 1.21s
done seg frame 634 in 1.16s
done seg frame 800 in 1.16s
done seg frame 217 in 1.11s
done seg frame 384 in 1.11s
done seg frame 759 in 1.11s
done seg frame 968 in 1.12s
done seg frame 926 in 1.12s
done seg frame 842 in 1.16s
done seg frame 342 in 1.10s
done seg frame 175 in 1.12s
done seg frame 674 in 1.15s
done seg frame 716 in 1.18s
done seg frame 509 in 1.21s
done seg frame 135 in 1.10s
done seg frame 426 in 1.10s
done seg frame 885 in 1.12s
done seg frame 301 in 1.13s
done seg frame 260 in 1.10s
done seg frame 550 in 1.15s
done seg frame 468 in 1.11s
done seg frame 593 in 1.17s
done seg frame 50 in 1.20s
done seg frame 635 in 1.13s
done seg frame 9 in 1.20s
done seg frame 801 in 1.15s
done seg frame 93 in 1.21s
done seg frame 218 in 1.11s
done seg frame 385 in 1.15s
done seg frame 760 in 1.16s
done seg frame 927 in 1.14s
done seg frame 969 in 1.11s
done seg frame 843 in 1.19s
done seg frame 343 in 1.10s
done seg frame 176 in 1.15s
done seg frame 675 in 1.16s
done seg frame 717 in 1.17s
done seg frame 136 in 1.07s
done seg frame 510 in 1.17s
done seg frame 427 in 1.09s
done seg frame 302 in 1.09s
done seg frame 469 in 1.08s
done seg frame 886 in 1.17s
done seg frame 261 in 1.12s
done seg frame 551 in 1.18s
done seg frame 594 in 1.18s
done seg frame 51 in 1.19s
done seg frame 802 in 1.15s
done seg frame 636 in 1.17s
done seg frame 219 in 1.09s
done seg frame 10 in 1.20s
done seg frame 94 in 1.19s
done seg frame 386 in 1.11s
done seg frame 761 in 1.12s
done seg frame 970 in 1.15s
done seg frame 928 in 1.17s
done seg frame 844 in 1.19s
done seg frame 344 in 1.16s
done seg frame 177 in 1.16s
done seg frame 428 in 1.09s
done seg frame 676 in 1.21s
done seg frame 303 in 1.12s
done seg frame 511 in 1.15s
done seg frame 137 in 1.08s
done seg frame 470 in 1.08s
done seg frame 718 in 1.19s
done seg frame 887 in 1.14s
done seg frame 262 in 1.16s
done seg frame 552 in 1.19s
done seg frame 595 in 1.16s
done seg frame 52 in 1.19s
done seg frame 803 in 1.13s
done seg frame 637 in 1.14s
done seg frame 220 in 1.13s
done seg frame 11 in 1.16s
done seg frame 387 in 1.12s
done seg frame 762 in 1.14s
done seg frame 95 in 1.17s
done seg frame 971 in 1.11s
done seg frame 929 in 1.12s
done seg frame 845 in 1.18s
done seg frame 345 in 1.13s
done seg frame 178 in 1.14s
done seg frame 304 in 1.09s
done seg frame 429 in 1.13s
done seg frame 471 in 1.08s
done seg frame 677 in 1.20s
done seg frame 512 in 1.18s
done seg frame 138 in 1.11s
done seg frame 719 in 1.22s
done seg frame 888 in 1.12s
done seg frame 263 in 1.10s
done seg frame 553 in 1.17s
done seg frame 596 in 1.22s
done seg frame 221 in 1.09s
done seg frame 804 in 1.16s
done seg frame 638 in 1.18s
done seg frame 388 in 1.09s
done seg frame 53 in 1.20s
done seg frame 12 in 1.15s
done seg frame 763 in 1.12s
done seg frame 972 in 1.15s
done seg frame 96 in 1.16s
done seg frame 930 in 1.15s
done seg frame 346 in 1.12s
done seg frame 846 in 1.16s
done seg frame 179 in 1.16s
done seg frame 305 in 1.07s
done seg frame 430 in 1.08s
done seg frame 472 in 1.07s
done seg frame 513 in 1.14s
done seg frame 678 in 1.17s
done seg frame 139 in 1.08s
done seg frame 264 in 1.09s
done seg frame 720 in 1.17s
done seg frame 889 in 1.15s
done seg frame 554 in 1.20s
done seg frame 597 in 1.18s
done seg frame 222 in 1.13s
done seg frame 389 in 1.13s
done seg frame 805 in 1.15s
done seg frame 639 in 1.21s
done seg frame 764 in 1.14s
done seg frame 13 in 1.22s
done seg frame 54 in 1.25s
done seg frame 973 in 1.09s
done seg frame 97 in 1.11s
done seg frame 931 in 1.17s
done seg frame 347 in 1.15s
done seg frame 847 in 1.16s
done seg frame 180 in 1.15s
done seg frame 306 in 1.12s
done seg frame 431 in 1.14s
done seg frame 473 in 1.16s
done seg frame 514 in 1.15s
done seg frame 265 in 1.12s
done seg frame 890 in 1.11s
done seg frame 679 in 1.16s
done seg frame 140 in 1.09s
done seg frame 721 in 1.15s
done seg frame 555 in 1.23s
done seg frame 390 in 1.11s
done seg frame 223 in 1.13s
done seg frame 806 in 1.14s
done seg frame 598 in 1.18s
done seg frame 640 in 1.16s
done seg frame 765 in 1.17s
done seg frame 974 in 1.12s
done seg frame 14 in 1.23s
done seg frame 55 in 1.26s
done seg frame 932 in 1.09s
done seg frame 348 in 1.10s
done seg frame 98 in 1.13s
done seg frame 848 in 1.16s
done seg frame 181 in 1.14s
done seg frame 307 in 1.12s
done seg frame 432 in 1.08s
done seg frame 474 in 1.09s
done seg frame 266 in 1.10s
done seg frame 891 in 1.13s
done seg frame 141 in 1.09s
done seg frame 680 in 1.18s
done seg frame 515 in 1.24s
done seg frame 722 in 1.19s
done seg frame 556 in 1.25s
done seg frame 391 in 1.12s
done seg frame 224 in 1.12s
done seg frame 807 in 1.15s
done seg frame 599 in 1.18s
done seg frame 641 in 1.19s
done seg frame 766 in 1.14s
done seg frame 975 in 1.08s
done seg frame 933 in 1.13s
done seg frame 15 in 1.24s
done seg frame 349 in 1.14s
done seg frame 56 in 1.27s
done seg frame 99 in 1.17s
done seg frame 849 in 1.15s
done seg frame 182 in 1.16s
done seg frame 308 in 1.09s
done seg frame 433 in 1.13s
done seg frame 475 in 1.07s
done seg frame 142 in 1.06s
done seg frame 892 in 1.12s
done seg frame 267 in 1.15s
done seg frame 681 in 1.15s
done seg frame 516 in 1.22s
done seg frame 723 in 1.17s
done seg frame 392 in 1.11s
done seg frame 225 in 1.10s
done seg frame 557 in 1.20s
done seg frame 808 in 1.14s
done seg frame 600 in 1.21s
done seg frame 976 in 1.11s
done seg frame 767 in 1.20s
done seg frame 642 in 1.21s
done seg frame 16 in 1.13s
done seg frame 934 in 1.10s
done seg frame 350 in 1.11s
done seg frame 57 in 1.20s
done seg frame 100 in 1.16s
done seg frame 850 in 1.20s
done seg frame 309 in 1.11s
done seg frame 183 in 1.18s
done seg frame 434 in 1.12s
done seg frame 476 in 1.12s
done seg frame 143 in 1.12s
done seg frame 893 in 1.17s
done seg frame 268 in 1.17s
done seg frame 682 in 1.17s
done seg frame 517 in 1.13s
done seg frame 724 in 1.13s
done seg frame 393 in 1.14s
done seg frame 226 in 1.15s
done seg frame 809 in 1.13s
done seg frame 558 in 1.20s
done seg frame 977 in 1.07s
done seg frame 601 in 1.17s
done seg frame 768 in 1.15s
done seg frame 643 in 1.21s
done seg frame 17 in 1.30s
done seg frame 351 in 1.28s
done seg frame 935 in 1.27s
done seg frame 58 in 1.31s
done seg frame 851 in 1.30s
done seg frame 101 in 1.31s
done seg frame 310 in 1.25s
done seg frame 144 in 1.16s
done seg frame 435 in 1.27s
done seg frame 477 in 1.25s
done seg frame 184 in 1.32s
done seg frame 269 in 1.09s
done seg frame 894 in 1.16s
done seg frame 683 in 1.18s
done seg frame 518 in 1.16s
done seg frame 725 in 1.18s
done seg frame 394 in 1.14s
done seg frame 227 in 1.11s
done seg frame 810 in 1.18s
done seg frame 978 in 1.11s
done seg frame 559 in 1.23s
done seg frame 602 in 1.16s
done seg frame 769 in 1.16s
done seg frame 644 in 1.15s
done seg frame 18 in 1.17s
done seg frame 936 in 1.10s
done seg frame 352 in 1.11s
done seg frame 852 in 1.12s
done seg frame 59 in 1.16s
done seg frame 311 in 1.10s
done seg frame 102 in 1.12s
done seg frame 436 in 1.07s
done seg frame 478 in 1.10s
done seg frame 145 in 1.10s
done seg frame 185 in 1.22s
done seg frame 895 in 1.13s
done seg frame 270 in 1.19s
done seg frame 519 in 1.13s
done seg frame 684 in 1.15s
done seg frame 726 in 1.16s
done seg frame 395 in 1.12s
done seg frame 228 in 1.13s
done seg frame 979 in 1.07s
done seg frame 811 in 1.15s
done seg frame 560 in 1.22s
done seg frame 603 in 1.20s
done seg frame 770 in 1.19s
done seg frame 645 in 1.18s
done seg frame 19 in 1.15s
done seg frame 937 in 1.16s
done seg frame 353 in 1.16s
done seg frame 853 in 1.19s
done seg frame 60 in 1.20s
done seg frame 312 in 1.12s
done seg frame 103 in 1.14s
done seg frame 437 in 1.11s
done seg frame 479 in 1.13s
done seg frame 146 in 1.12s
done seg frame 186 in 1.15s
done seg frame 896 in 1.16s
done seg frame 271 in 1.14s
done seg frame 520 in 1.12s
done seg frame 685 in 1.18s
done seg frame 727 in 1.16s
done seg frame 229 in 1.13s
done seg frame 396 in 1.17s
done seg frame 980 in 1.10s
done seg frame 812 in 1.18s
done seg frame 561 in 1.16s
done seg frame 771 in 1.17s
done seg frame 604 in 1.18s
done seg frame 646 in 1.18s
done seg frame 938 in 1.10s
done seg frame 20 in 1.16s
done seg frame 354 in 1.12s
done seg frame 854 in 1.16s
done seg frame 313 in 1.09s
done seg frame 61 in 1.21s
done seg frame 104 in 1.12s
done seg frame 438 in 1.09s
done seg frame 147 in 1.08s
done seg frame 480 in 1.10s
done seg frame 897 in 1.11s
done seg frame 187 in 1.21s
done seg frame 272 in 1.10s
done seg frame 521 in 1.13s
done seg frame 686 in 1.21s
done seg frame 728 in 1.18s
done seg frame 230 in 1.17s
done seg frame 397 in 1.12s
done seg frame 981 in 1.07s
done seg frame 813 in 1.19s
done seg frame 772 in 1.16s
done seg frame 605 in 1.17s
done seg frame 562 in 1.22s
done seg frame 647 in 1.18s
done seg frame 939 in 1.10s
done seg frame 21 in 1.15s
done seg frame 355 in 1.16s
done seg frame 855 in 1.15s
done seg frame 314 in 1.15s
done seg frame 105 in 1.15s
done seg frame 439 in 1.14s
done seg frame 62 in 1.23s
done seg frame 481 in 1.12s
done seg frame 148 in 1.16s
done seg frame 898 in 1.17s
done seg frame 522 in 1.17s
done seg frame 273 in 1.21s
done seg frame 188 in 1.26s
done seg frame 231 in 1.14s
done seg frame 982 in 1.10s
done seg frame 687 in 1.21s
done seg frame 398 in 1.17s
done seg frame 729 in 1.23s
done seg frame 814 in 1.21s
done seg frame 773 in 1.16s
done seg frame 606 in 1.20s
done seg frame 563 in 1.22s
done seg frame 648 in 1.17s
done seg frame 940 in 1.07s
done seg frame 22 in 1.14s
done seg frame 356 in 1.18s
done seg frame 315 in 1.07s
done seg frame 856 in 1.16s
done seg frame 440 in 1.11s
done seg frame 106 in 1.15s
done seg frame 482 in 1.11s
done seg frame 63 in 1.20s
done seg frame 149 in 1.11s
done seg frame 899 in 1.17s
done seg frame 274 in 1.10s
done seg frame 523 in 1.14s
done seg frame 189 in 1.19s
done seg frame 983 in 1.12s
done seg frame 232 in 1.19s
done seg frame 399 in 1.13s
done seg frame 688 in 1.25s
done seg frame 730 in 1.28s
done seg frame 815 in 1.17s
done seg frame 607 in 1.15s
done seg frame 774 in 1.21s
done seg frame 941 in 1.09s
done seg frame 649 in 1.18s
done seg frame 564 in 1.19s
done seg frame 23 in 1.16s
done seg frame 357 in 1.15s
done seg frame 857 in 1.11s
done seg frame 316 in 1.09s
done seg frame 441 in 1.10s
done seg frame 483 in 1.11s
done seg frame 107 in 1.24s
done seg frame 150 in 1.15s
done seg frame 64 in 1.24s
done seg frame 900 in 1.12s
done seg frame 524 in 1.12s
done seg frame 275 in 1.15s
done seg frame 984 in 1.10s
done seg frame 190 in 1.21s
done seg frame 400 in 1.14s
done seg frame 233 in 1.21s
done seg frame 689 in 1.22s
done seg frame 731 in 1.28s
done seg frame 816 in 1.15s
done seg frame 942 in 1.10s
done seg frame 775 in 1.14s
done seg frame 608 in 1.16s
done seg frame 24 in 1.11s
done seg frame 650 in 1.16s
done seg frame 565 in 1.17s
done seg frame 317 in 1.07s
done seg frame 358 in 1.18s
done seg frame 442 in 1.10s
done seg frame 858 in 1.16s
done seg frame 484 in 1.12s
done seg frame 108 in 1.17s
done seg frame 151 in 1.12s
done seg frame 65 in 1.17s
done seg frame 901 in 1.13s
done seg frame 276 in 1.07s
done seg frame 525 in 1.14s
done seg frame 985 in 1.09s
done seg frame 401 in 1.12s
done seg frame 191 in 1.17s
done seg frame 234 in 1.13s
done seg frame 690 in 1.16s
done seg frame 943 in 1.07s
done seg frame 732 in 1.22s
done seg frame 817 in 1.19s
done seg frame 609 in 1.18s
done seg frame 776 in 1.20s
done seg frame 25 in 1.10s
done seg frame 651 in 1.16s
done seg frame 566 in 1.15s
done seg frame 318 in 1.10s
done seg frame 859 in 1.12s
done seg frame 443 in 1.14s
done seg frame 359 in 1.17s
done seg frame 485 in 1.09s
done seg frame 902 in 1.11s
done seg frame 277 in 1.11s
done seg frame 152 in 1.09s
done seg frame 109 in 1.16s
done seg frame 66 in 1.18s
done seg frame 526 in 1.13s
done seg frame 986 in 1.09s
done seg frame 402 in 1.13s
done seg frame 192 in 1.26s
done seg frame 235 in 1.21s
done seg frame 691 in 1.17s
done seg frame 944 in 1.07s
done seg frame 818 in 1.16s
done seg frame 733 in 1.17s
done seg frame 26 in 1.10s
done seg frame 610 in 1.14s
done seg frame 777 in 1.20s
done seg frame 652 in 1.19s
done seg frame 319 in 1.06s
done seg frame 567 in 1.19s
done seg frame 444 in 1.10s
done seg frame 860 in 1.13s
done seg frame 360 in 1.14s
done seg frame 486 in 1.12s
done seg frame 278 in 1.10s
done seg frame 903 in 1.16s
done seg frame 153 in 1.14s
done seg frame 527 in 1.13s
done seg frame 110 in 1.20s
done seg frame 67 in 1.19s
done seg frame 987 in 1.10s
done seg frame 403 in 1.14s
done seg frame 193 in 1.20s
done seg frame 236 in 1.20s
done seg frame 692 in 1.20s
done seg frame 945 in 1.10s
done seg frame 27 in 1.10s
done seg frame 819 in 1.16s
done seg frame 734 in 1.18s
done seg frame 611 in 1.18s
done seg frame 778 in 1.19s
done seg frame 568 in 1.15s
done seg frame 653 in 1.16s
done seg frame 861 in 1.11s
done seg frame 320 in 1.06s
done seg frame 445 in 1.11s
done seg frame 361 in 1.16s
done seg frame 487 in 1.12s
done seg frame 279 in 1.07s
done seg frame 528 in 1.15s
done seg frame 68 in 1.16s
done seg frame 111 in 1.17s
done seg frame 904 in 1.14s
done seg frame 154 in 1.11s
done seg frame 988 in 1.07s
done seg frame 194 in 1.18s
done seg frame 404 in 1.14s
done seg frame 237 in 1.17s
done seg frame 946 in 1.06s
done seg frame 693 in 1.16s
done seg frame 28 in 1.10s
done seg frame 735 in 1.19s
done seg frame 820 in 1.18s
done seg frame 569 in 1.18s
done seg frame 612 in 1.20s
done seg frame 446 in 1.08s
done seg frame 321 in 1.11s
done seg frame 862 in 1.10s
done seg frame 654 in 1.17s
done seg frame 779 in 1.19s
done seg frame 362 in 1.17s
done seg frame 488 in 1.12s
done seg frame 280 in 1.10s
done seg frame 905 in 1.11s
done seg frame 69 in 1.14s
done seg frame 155 in 1.10s
done seg frame 529 in 1.13s
done seg frame 112 in 1.15s
done seg frame 989 in 1.12s
done seg frame 405 in 1.12s
done seg frame 947 in 1.10s
done seg frame 238 in 1.19s
done seg frame 195 in 1.20s
done seg frame 694 in 1.18s
done seg frame 29 in 1.11s
done seg frame 736 in 1.18s
done seg frame 821 in 1.18s
done seg frame 322 in 1.09s
done seg frame 447 in 1.11s
done seg frame 613 in 1.21s
done seg frame 863 in 1.17s
done seg frame 570 in 1.21s
done seg frame 655 in 1.21s
done seg frame 780 in 1.21s
done seg frame 281 in 1.07s
done seg frame 489 in 1.13s
done seg frame 363 in 1.18s
done seg frame 906 in 1.16s
done seg frame 156 in 1.11s
done seg frame 530 in 1.15s
done seg frame 70 in 1.16s
done seg frame 990 in 1.08s
done seg frame 113 in 1.16s
done seg frame 406 in 1.14s
done seg frame 948 in 1.10s
done seg frame 239 in 1.17s
done seg frame 196 in 1.19s
done seg frame 30 in 1.16s
done seg frame 695 in 1.21s
done seg frame 323 in 1.10s
done seg frame 448 in 1.07s
done seg frame 822 in 1.21s
done seg frame 737 in 1.20s
done seg frame 614 in 1.17s
done seg frame 864 in 1.14s
done seg frame 781 in 1.15s
done seg frame 282 in 1.11s
done seg frame 571 in 1.22s
done seg frame 656 in 1.25s
done seg frame 490 in 1.13s
done seg frame 364 in 1.13s
done seg frame 157 in 1.08s
done seg frame 907 in 1.11s
done seg frame 531 in 1.19s
done seg frame 71 in 1.13s
done seg frame 991 in 1.10s
done seg frame 114 in 1.07s
done seg frame 407 in 1.12s
done seg frame 949 in 1.09s
done seg frame 240 in 1.21s
done seg frame 197 in 1.22s
done seg frame 31 in 1.11s
done seg frame 696 in 1.17s
done seg frame 449 in 1.12s
done seg frame 324 in 1.18s
done seg frame 738 in 1.18s
done seg frame 823 in 1.18s
done seg frame 615 in 1.18s
done seg frame 865 in 1.17s
done seg frame 283 in 1.10s
done seg frame 782 in 1.20s
done seg frame 572 in 1.20s
done seg frame 491 in 1.15s
done seg frame 657 in 1.25s
done seg frame 158 in 1.09s
done seg frame 365 in 1.16s
done seg frame 908 in 1.15s
done seg frame 992 in 1.08s
done seg frame 532 in 1.20s
done seg frame 72 in 1.18s
done seg frame 115 in 1.11s
done seg frame 408 in 1.11s
done seg frame 950 in 1.11s
done seg frame 32 in 1.11s
done seg frame 241 in 1.22s
done seg frame 198 in 1.23s
done seg frame 450 in 1.07s
done seg frame 325 in 1.11s
done seg frame 697 in 1.20s
done seg frame 739 in 1.19s
done seg frame 824 in 1.18s
done seg frame 866 in 1.13s
done seg frame 616 in 1.18s
done seg frame 284 in 1.12s
done seg frame 492 in 1.07s
done seg frame 783 in 1.22s
done seg frame 573 in 1.19s
done seg frame 658 in 1.21s
done seg frame 159 in 1.11s
done seg frame 366 in 1.15s
done seg frame 909 in 1.18s
done seg frame 993 in 1.08s
done seg frame 73 in 1.14s
done seg frame 533 in 1.17s
done seg frame 409 in 1.11s
done seg frame 116 in 1.14s
done seg frame 951 in 1.10s
done seg frame 33 in 1.12s
done seg frame 451 in 1.08s
done seg frame 242 in 1.19s
done seg frame 199 in 1.20s
done seg frame 326 in 1.14s
done seg frame 867 in 1.10s
done seg frame 698 in 1.22s
done seg frame 825 in 1.19s
done seg frame 740 in 1.22s
done seg frame 617 in 1.14s
done seg frame 285 in 1.09s
done seg frame 493 in 1.13s
done seg frame 784 in 1.15s
done seg frame 367 in 1.11s
done seg frame 574 in 1.18s
done seg frame 659 in 1.18s
done seg frame 160 in 1.08s
done seg frame 994 in 1.07s
done seg frame 910 in 1.13s
done seg frame 410 in 1.11s
done seg frame 74 in 1.18s
done seg frame 534 in 1.20s
done seg frame 952 in 1.07s
done seg frame 117 in 1.12s
done seg frame 34 in 1.14s
done seg frame 452 in 1.07s
done seg frame 243 in 1.18s
done seg frame 200 in 1.19s
done seg frame 327 in 1.13s
done seg frame 868 in 1.13s
done seg frame 699 in 1.17s
done seg frame 286 in 1.09s
done seg frame 826 in 1.19s
done seg frame 618 in 1.14s
done seg frame 741 in 1.19s
done seg frame 494 in 1.11s
done seg frame 785 in 1.19s
done seg frame 368 in 1.17s
done seg frame 161 in 1.10s
done seg frame 995 in 1.15s
done seg frame 575 in 1.21s
done seg frame 660 in 1.22s
done seg frame 911 in 1.21s
done seg frame 411 in 1.15s
done seg frame 75 in 1.16s
done seg frame 953 in 1.10s
done seg frame 535 in 1.17s
done seg frame 118 in 1.14s
done seg frame 35 in 1.16s
done seg frame 453 in 1.08s
done seg frame 869 in 1.12s
done seg frame 328 in 1.12s
done seg frame 244 in 1.23s
done seg frame 201 in 1.23s
done seg frame 700 in 1.19s
done seg frame 287 in 1.17s
done seg frame 827 in 1.18s
done seg frame 619 in 1.20s
done seg frame 495 in 1.13s
done seg frame 742 in 1.18s
done seg frame 369 in 1.14s
done seg frame 786 in 1.22s
done seg frame 996 in 1.11s
done seg frame 576 in 1.15s
done seg frame 162 in 1.12s
done seg frame 661 in 1.21s
done seg frame 912 in 1.19s
done seg frame 412 in 1.13s
done seg frame 954 in 1.12s
done seg frame 119 in 1.12s
done seg frame 76 in 1.22s
done seg frame 536 in 1.16s
done seg frame 454 in 1.06s
done seg frame 36 in 1.16s
done seg frame 870 in 1.17s
done seg frame 329 in 1.13s
done seg frame 245 in 1.19s
done seg frame 202 in 1.23s
done seg frame 496 in 1.07s
done seg frame 620 in 1.12s
done seg frame 288 in 1.16s
done seg frame 701 in 1.18s
done seg frame 828 in 1.16s
done seg frame 743 in 1.18s
done seg frame 370 in 1.18s
done seg frame 997 in 1.13s
done seg frame 787 in 1.21s
done seg frame 163 in 1.12s
done seg frame 577 in 1.17s
done seg frame 662 in 1.19s
done seg frame 913 in 1.14s
done seg frame 955 in 1.10s
done seg frame 413 in 1.18s
done seg frame 120 in 1.11s
done seg frame 77 in 1.16s
done seg frame 537 in 1.19s
done seg frame 455 in 1.11s
done seg frame 37 in 1.11s
done seg frame 871 in 1.15s
done seg frame 330 in 1.17s
done seg frame 246 in 1.21s
done seg frame 621 in 1.13s
done seg frame 497 in 1.13s
done seg frame 203 in 1.22s
done seg frame 289 in 1.15s
done seg frame 829 in 1.18s
done seg frame 702 in 1.20s
done seg frame 371 in 1.10s
done seg frame 744 in 1.21s
done seg frame 998 in 1.08s
done seg frame 164 in 1.09s
done seg frame 788 in 1.20s
done seg frame 578 in 1.19s
done seg frame 414 in 1.11s
done seg frame 663 in 1.20s
done seg frame 914 in 1.17s
done seg frame 956 in 1.13s
done seg frame 121 in 1.09s
done seg frame 538 in 1.17s
done seg frame 78 in 1.19s
done seg frame 456 in 1.06s
done seg frame 38 in 1.16s
done seg frame 872 in 1.17s
done seg frame 331 in 1.15s
done seg frame 498 in 1.11s
done seg frame 622 in 1.16s
done seg frame 247 in 1.24s
done seg frame 830 in 1.14s
done seg frame 290 in 1.17s
done seg frame 703 in 1.17s
done seg frame 372 in 1.13s
done seg frame 204 in 1.26s
done seg frame 999 in 1.12s
done seg frame 745 in 1.19s
done seg frame 165 in 1.10s
done seg frame 789 in 1.13s
done seg frame 415 in 1.14s
done seg frame 579 in 1.19s
done seg frame 957 in 1.16s
done seg frame 664 in 1.16s
done seg frame 915 in 1.17s
done seg frame 122 in 1.19s
done seg frame 539 in 1.19s
done seg frame 79 in 1.22s
done seg frame 457 in 1.10s
done seg frame 39 in 1.11s
done seg frame 873 in 1.26s
done seg frame 332 in 1.24s
done seg frame 499 in 1.23s
done seg frame 623 in 1.31s
done seg frame 831 in 1.28s
done seg frame 248 in 1.34s
done seg frame 704 in 1.29s
done seg frame 291 in 1.28s
done seg frame 166 in 1.07s
done seg frame 373 in 1.28s
done seg frame 746 in 1.26s
done seg frame 205 in 1.32s
done seg frame 416 in 1.12s
done seg frame 790 in 1.21s
done seg frame 580 in 1.17s
done seg frame 916 in 1.12s
done seg frame 665 in 1.18s
done seg frame 123 in 1.10s
done seg frame 540 in 1.15s
done seg frame 80 in 1.18s
done seg frame 40 in 1.15s
done seg frame 874 in 1.13s
done seg frame 624 in 1.11s
done seg frame 249 in 1.12s
done seg frame 374 in 1.08s
done seg frame 832 in 1.18s
done seg frame 705 in 1.19s
done seg frame 747 in 1.18s
done seg frame 206 in 1.16s
done seg frame 791 in 1.18s
done seg frame 581 in 1.17s
done seg frame 666 in 1.17s
done seg frame 124 in 1.11s
done seg frame 81 in 1.19s
done seg frame 541 in 1.19s
done seg frame 41 in 1.14s
done seg frame 706 in 1.17s
done seg frame 748 in 1.15s
done seg frame 207 in 1.14s
done seg frame 582 in 1.18s
done seg frame 82 in 1.13s
done seg frame 707 in 1.15s
done seg frame 749 in 1.15s
Segmentation completed in 59.63s.
